<?xml version="1.0" encoding="UTF-8"?>
<testsuite name="com.mindex.challenge.service.impl.EmployeeServiceImplTest" tests="1" skipped="0" failures="0" errors="0" timestamp="2024-07-29T16:52:30" hostname="DESKTOP-NI76Q1Q" time="0.708">
  <properties/>
  <testcase name="testCompensationCreateReadUpdate" classname="com.mindex.challenge.service.impl.EmployeeServiceImplTest" time="0.708"/>
  <system-out><![CDATA[12:52:28.502 [Test worker] INFO org.springframework.test.context.support.AnnotationConfigContextLoaderUtils -- Could not detect default configuration classes for test class [com.mindex.challenge.service.impl.EmployeeServiceImplTest]: EmployeeServiceImplTest does not declare any static, non-private, non-final, nested classes annotated with @Configuration.
12:52:28.587 [Test worker] INFO org.springframework.boot.test.context.SpringBootTestContextBootstrapper -- Found @SpringBootConfiguration com.mindex.challenge.ChallengeApplication for test class com.mindex.challenge.service.impl.EmployeeServiceImplTest

  .   ____          _            __ _ _
 /\\ / ___'_ __ _ _(_)_ __  __ _ \ \ \ \
( ( )\___ | '_ | '_| | '_ \/ _` | \ \ \ \
 \\/  ___)| |_)| | | | | || (_| |  ) ) ) )
  '  |____| .__|_| |_|_| |_\__, | / / / /
 =========|_|==============|___/=/_/_/_/
 :: Spring Boot ::                (v3.2.3)

2024-07-29T12:52:28.879-04:00  INFO 24088 --- [    Test worker] c.m.c.s.impl.EmployeeServiceImplTest     : Starting EmployeeServiceImplTest using Java 21.0.4 with PID 24088 (started by Nolan in C:\Users\Nolan\OneDrive\Documents\EclipseProjects\mindex-code-challenge)
2024-07-29T12:52:28.880-04:00 DEBUG 24088 --- [    Test worker] c.m.c.s.impl.EmployeeServiceImplTest     : Running with Spring Boot v3.2.3, Spring v6.1.4
2024-07-29T12:52:28.880-04:00  INFO 24088 --- [    Test worker] c.m.c.s.impl.EmployeeServiceImplTest     : No active profile set, falling back to 1 default profile: "default"
2024-07-29T12:52:29.185-04:00  INFO 24088 --- [    Test worker] .s.d.r.c.RepositoryConfigurationDelegate : Bootstrapping Spring Data MongoDB repositories in DEFAULT mode.
2024-07-29T12:52:29.215-04:00  INFO 24088 --- [    Test worker] .s.d.r.c.RepositoryConfigurationDelegate : Finished Spring Data repository scanning in 27 ms. Found 2 MongoDB repository interfaces.
2024-07-29T12:52:29.683-04:00  INFO 24088 --- [    Test worker] o.s.b.w.embedded.tomcat.TomcatWebServer  : Tomcat initialized with port 0 (http)
2024-07-29T12:52:29.694-04:00  INFO 24088 --- [    Test worker] o.apache.catalina.core.StandardService   : Starting service [Tomcat]
2024-07-29T12:52:29.695-04:00  INFO 24088 --- [    Test worker] o.apache.catalina.core.StandardEngine    : Starting Servlet engine: [Apache Tomcat/10.1.19]
2024-07-29T12:52:29.746-04:00  INFO 24088 --- [    Test worker] o.a.c.c.C.[Tomcat].[localhost].[/]       : Initializing Spring embedded WebApplicationContext
2024-07-29T12:52:29.747-04:00  INFO 24088 --- [    Test worker] w.s.c.ServletWebServerApplicationContext : Root WebApplicationContext: initialization completed in 852 ms
2024-07-29T12:52:29.948-04:00  INFO 24088 --- [    Test worker] de.bwaldvogel.mongo.MongoServer          : started MongoServer(port: 49910, ssl: false)
2024-07-29T12:52:30.049-04:00  INFO 24088 --- [    Test worker] org.mongodb.driver.client                : MongoClient with metadata {"driver": {"name": "mongo-java-driver|sync", "version": "4.11.1"}, "os": {"type": "Windows", "name": "Windows 10", "architecture": "amd64", "version": "10.0"}, "platform": "Java/Amazon.com Inc./21.0.4+7-LTS"} created with settings MongoClientSettings{readPreference=primary, writeConcern=WriteConcern{w=null, wTimeout=null ms, journal=null}, retryWrites=true, retryReads=true, readConcern=ReadConcern{level=null}, credential=null, transportSettings=null, streamFactoryFactory=null, commandListeners=[], codecRegistry=ProvidersCodecRegistry{codecProviders=[ValueCodecProvider{}, BsonValueCodecProvider{}, DBRefCodecProvider{}, DBObjectCodecProvider{}, DocumentCodecProvider{}, CollectionCodecProvider{}, IterableCodecProvider{}, MapCodecProvider{}, GeoJsonCodecProvider{}, GridFSFileCodecProvider{}, Jsr310CodecProvider{}, JsonObjectCodecProvider{}, BsonCodecProvider{}, EnumCodecProvider{}, com.mongodb.client.model.mql.ExpressionCodecProvider@99a8de3, com.mongodb.Jep395RecordCodecProvider@87f501f, com.mongodb.KotlinCodecProvider@54495935]}, loggerSettings=LoggerSettings{maxDocumentLength=1000}, clusterSettings={hosts=[127.0.0.1:49910], srvServiceName=mongodb, mode=SINGLE, requiredClusterType=UNKNOWN, requiredReplicaSetName='null', serverSelector='null', clusterListeners='[]', serverSelectionTimeout='30000 ms', localThreshold='15 ms'}, socketSettings=SocketSettings{connectTimeoutMS=10000, readTimeoutMS=0, receiveBufferSize=0, proxySettings=ProxySettings{host=null, port=null, username=null, password=null}}, heartbeatSocketSettings=SocketSettings{connectTimeoutMS=10000, readTimeoutMS=10000, receiveBufferSize=0, proxySettings=ProxySettings{host=null, port=null, username=null, password=null}}, connectionPoolSettings=ConnectionPoolSettings{maxSize=100, minSize=0, maxWaitTimeMS=120000, maxConnectionLifeTimeMS=0, maxConnectionIdleTimeMS=0, maintenanceInitialDelayMS=0, maintenanceFrequencyMS=60000, connectionPoolListeners=[], maxConnecting=2}, serverSettings=ServerSettings{heartbeatFrequencyMS=10000, minHeartbeatFrequencyMS=500, serverListeners='[]', serverMonitorListeners='[]'}, sslSettings=SslSettings{enabled=false, invalidHostNameAllowed=false, context=null}, applicationName='null', compressorList=[], uuidRepresentation=UNSPECIFIED, serverApi=null, autoEncryptionSettings=null, dnsClient=null, inetAddressResolver=null, contextProvider=null}
2024-07-29T12:52:30.058-04:00  INFO 24088 --- [-server-worker1] d.b.mongo.wire.MongoWireProtocolHandler  : client [id: 0xf847fbf2, L:/127.0.0.1:49910 - R:/127.0.0.1:49911] connected
2024-07-29T12:52:30.058-04:00  INFO 24088 --- [-server-worker2] d.b.mongo.wire.MongoWireProtocolHandler  : client [id: 0x53265267, L:/127.0.0.1:49910 - R:/127.0.0.1:49912] connected
2024-07-29T12:52:30.103-04:00  INFO 24088 --- [127.0.0.1:49910] org.mongodb.driver.cluster               : Monitor thread successfully connected to server with description ServerDescription{address=127.0.0.1:49910, type=STANDALONE, state=CONNECTED, ok=true, minWireVersion=0, maxWireVersion=6, maxDocumentSize=16777216, logicalSessionTimeoutMinutes=null, roundTripTimeNanos=55044000}
2024-07-29T12:52:30.529-04:00  INFO 24088 --- [-server-worker3] d.b.mongo.wire.MongoWireProtocolHandler  : client [id: 0xd44fc8b0, L:/127.0.0.1:49910 - R:/127.0.0.1:49913] connected
2024-07-29T12:52:30.561-04:00  INFO 24088 --- [-server-worker3] d.b.mongo.backend.AbstractMongoBackend   : created database test
2024-07-29T12:52:30.569-04:00  INFO 24088 --- [-server-worker3] d.b.mongo.backend.AbstractMongoDatabase  : adding unique _id index for collection employee
2024-07-29T12:52:30.575-04:00  INFO 24088 --- [-server-worker3] d.b.mongo.backend.AbstractMongoDatabase  : created collection test.employee
2024-07-29T12:52:30.839-04:00  INFO 24088 --- [    Test worker] o.s.b.w.embedded.tomcat.TomcatWebServer  : Tomcat started on port 49915 (http) with context path ''
2024-07-29T12:52:30.846-04:00  INFO 24088 --- [    Test worker] c.m.c.s.impl.EmployeeServiceImplTest     : Started EmployeeServiceImplTest in 2.154 seconds (process running for 2.854)
2024-07-29T12:52:31.448-04:00  INFO 24088 --- [o-auto-1-exec-1] o.a.c.c.C.[Tomcat].[localhost].[/]       : Initializing Spring DispatcherServlet 'dispatcherServlet'
2024-07-29T12:52:31.448-04:00  INFO 24088 --- [o-auto-1-exec-1] o.s.web.servlet.DispatcherServlet        : Initializing Servlet 'dispatcherServlet'
2024-07-29T12:52:31.449-04:00  INFO 24088 --- [o-auto-1-exec-1] o.s.web.servlet.DispatcherServlet        : Completed initialization in 1 ms
2024-07-29T12:52:31.478-04:00 DEBUG 24088 --- [o-auto-1-exec-1] c.m.c.controller.EmployeeController      : Received compensation create request for [com.mindex.challenge.data.Compensation@bcb7694]
2024-07-29T12:52:31.478-04:00 DEBUG 24088 --- [o-auto-1-exec-1] c.m.c.service.impl.EmployeeServiceImpl   : Creating compensation [com.mindex.challenge.data.Compensation@bcb7694]
2024-07-29T12:52:31.483-04:00  INFO 24088 --- [-server-worker3] d.b.mongo.backend.AbstractMongoDatabase  : adding unique _id index for collection compensation
2024-07-29T12:52:31.484-04:00  INFO 24088 --- [-server-worker3] d.b.mongo.backend.AbstractMongoDatabase  : created collection test.compensation
2024-07-29T12:52:31.504-04:00 DEBUG 24088 --- [o-auto-1-exec-2] c.m.c.controller.EmployeeController      : Received compensation read request for employee id [16a596ae-edd3-4847-99fe-c4518e82c86f]
2024-07-29T12:52:31.504-04:00 DEBUG 24088 --- [o-auto-1-exec-2] c.m.c.service.impl.EmployeeServiceImpl   : Creating compensation with employee id [16a596ae-edd3-4847-99fe-c4518e82c86f]
]]></system-out>
  <system-err><![CDATA[WARNING: A Java agent has been loaded dynamically (C:\Users\Nolan\.gradle\caches\modules-2\files-2.1\net.bytebuddy\byte-buddy-agent\1.14.12\be4984cb6fd1ef1d11f218a648889dfda44b8a15\byte-buddy-agent-1.14.12.jar)
WARNING: If a serviceability tool is in use, please run with -XX:+EnableDynamicAgentLoading to hide this warning
WARNING: If a serviceability tool is not in use, please run with -Djdk.instrument.traceUsage for more information
WARNING: Dynamic loading of agents will be disallowed by default in a future release
]]></system-err>
</testsuite>
